[debug] [2020-03-18T14:23:57.750Z] ----------------------------------------------------------------------
[debug] [2020-03-18T14:23:57.753Z] Command:       C:\Program Files\nodejs\node.exe C:\Users\zakur\AppData\Roaming\npm\node_modules\firebase-tools\lib\bin\firebase.js deploy
[debug] [2020-03-18T14:23:57.753Z] CLI Version:   7.15.1
[debug] [2020-03-18T14:23:57.753Z] Platform:      win32
[debug] [2020-03-18T14:23:57.753Z] Node Version:  v13.7.0
[debug] [2020-03-18T14:23:57.754Z] Time:          Wed Mar 18 2020 21:23:57 GMT+0700 (Indochina Time)
[debug] [2020-03-18T14:23:57.754Z] ----------------------------------------------------------------------
[debug] [2020-03-18T14:23:57.754Z] 
[debug] [2020-03-18T14:23:57.761Z] > command requires scopes: ["email","openid","https://www.googleapis.com/auth/cloudplatformprojects.readonly","https://www.googleapis.com/auth/firebase","https://www.googleapis.com/auth/cloud-platform"]
[debug] [2020-03-18T14:23:57.762Z] > authorizing via signed-in user
[debug] [2020-03-18T14:23:57.762Z] [iam] checking project runrena-b3aa5 for permissions ["cloudfunctions.functions.create","cloudfunctions.functions.delete","cloudfunctions.functions.get","cloudfunctions.functions.list","cloudfunctions.functions.update","cloudfunctions.operations.get","firebase.projects.get","firebasehosting.sites.update"]
[debug] [2020-03-18T14:23:57.764Z] > refreshing access token with scopes: ["email","https://www.googleapis.com/auth/cloud-platform","https://www.googleapis.com/auth/cloudplatformprojects.readonly","https://www.googleapis.com/auth/firebase","openid"]
[debug] [2020-03-18T14:23:57.764Z] >>> HTTP REQUEST POST https://www.googleapis.com/oauth2/v3/token  
 <request body omitted>
[debug] [2020-03-18T14:23:58.043Z] <<< HTTP RESPONSE 200
[debug] [2020-03-18T14:23:58.058Z] >>> HTTP REQUEST POST https://cloudresourcemanager.googleapis.com/v1/projects/runrena-b3aa5:testIamPermissions  

[debug] [2020-03-18T14:23:59.309Z] <<< HTTP RESPONSE 200
[debug] [2020-03-18T14:23:59.310Z] >>> HTTP REQUEST GET https://firebase.googleapis.com/v1beta1/projects/runrena-b3aa5  
 
[debug] [2020-03-18T14:23:59.612Z] <<< HTTP RESPONSE 200
[info] 
[info] === Deploying to 'runrena-b3aa5'...
[info] 
[info] i  deploying functions, hosting
[debug] [2020-03-18T14:24:01.694Z] > [functions] package.json contents: {
  "name": "functions",
  "description": "Cloud Functions for Firebase",
  "scripts": {
    "serve": "firebase emulators:start --only functions",
    "shell": "firebase functions:shell",
    "start": "npm run shell",
    "deploy": "firebase deploy --only functions",
    "logs": "firebase functions:log"
  },
  "engines": {
    "node": "8"
  },
  "dependencies": {
    "express": "^4.17.1",
    "firebase-admin": "^8.6.0",
    "firebase-functions": "^3.3.0"
  },
  "devDependencies": {
    "firebase-functions-test": "^0.1.6"
  },
  "private": true
}
[info] i  functions: ensuring necessary APIs are enabled...
[debug] [2020-03-18T14:24:01.698Z] >>> HTTP REQUEST GET https://serviceusage.googleapis.com/v1/projects/runrena-b3aa5/services/cloudfunctions.googleapis.com  
 
[debug] [2020-03-18T14:24:01.698Z] >>> HTTP REQUEST GET https://serviceusage.googleapis.com/v1/projects/runrena-b3aa5/services/runtimeconfig.googleapis.com  
 
[debug] [2020-03-18T14:24:03.298Z] <<< HTTP RESPONSE 200
[debug] [2020-03-18T14:24:03.393Z] <<< HTTP RESPONSE 200
[info] +  functions: all necessary APIs are enabled
[debug] [2020-03-18T14:24:03.396Z] >>> HTTP REQUEST GET https://firebase.googleapis.com/v1beta1/projects/runrena-b3aa5/adminSdkConfig  
 
[debug] [2020-03-18T14:24:03.794Z] <<< HTTP RESPONSE 200
[debug] [2020-03-18T14:24:03.798Z] >>> HTTP REQUEST POST https://firebasehosting.googleapis.com/v1beta1/sites/runrena-b3aa5/versions  

[debug] [2020-03-18T14:24:15.368Z] <<< HTTP RESPONSE 503
[debug] [2020-03-18T14:24:15.369Z] <<< HTTP RESPONSE BODY
[error] 
[error] Error: HTTP Error: 503, The service is currently unavailable.
[debug] [2020-03-18T14:24:15.522Z] Error Context: {
  "body": {
    "error": {
      "code": 503,
      "message": "The service is currently unavailable.",
      "status": "UNAVAILABLE"
    }
  },
  "response": {
    "statusCode": 503,
    "body": {
      "error": {
        "code": 503,
        "message": "The service is currently unavailable.",
        "status": "UNAVAILABLE"
      }
    },
    "headers": {
      "vary": "X-Origin, Referer, Origin,Accept-Encoding",
      "content-type": "application/json; charset=UTF-8",
      "date": "Wed, 18 Mar 2020 14:24:15 GMT",
      "server": "ESF",
      "cache-control": "private",
      "x-xss-protection": "0",
      "x-frame-options": "SAMEORIGIN",
      "x-content-type-options": "nosniff",
      "alt-svc": "quic=\":443\"; ma=2592000; v=\"46,43\",h3-Q050=\":443\"; ma=2592000,h3-Q049=\":443\"; ma=2592000,h3-Q048=\":443\"; ma=2592000,h3-Q046=\":443\"; ma=2592000,h3-Q043=\":443\"; ma=2592000,h3-T050=\":443\"; ma=2592000",
      "accept-ranges": "none",
      "transfer-encoding": "chunked"
    },
    "request": {
      "uri": {
        "protocol": "https:",
        "slashes": true,
        "auth": null,
        "host": "firebasehosting.googleapis.com",
        "port": 443,
        "hostname": "firebasehosting.googleapis.com",
        "hash": null,
        "search": null,
        "query": null,
        "pathname": "/v1beta1/sites/runrena-b3aa5/versions",
        "path": "/v1beta1/sites/runrena-b3aa5/versions",
        "href": "https://firebasehosting.googleapis.com/v1beta1/sites/runrena-b3aa5/versions"
      },
      "method": "POST"
    }
  }
}
